<?xml version="1.0" encoding="UTF-8"?>
<!-- Generated by org.testng.reporters.JUnitReportReporter -->
<testsuite skipped="0" hostname="DESKTOP-G0TB8VF" name="tests.DemoTest" tests="1" failures="0" timestamp="10 Jun 2019 14:16:34 GMT" time="0.264" errors="0">
  <testcase name="demoTest" time="0.264" classname="tests.DemoTest"/>
</testsuite> <!-- tests.DemoTest -->
